==> [ERROR] | 2018-10-24 08:39:19 | Warehouse not found 
 
==> [ERROR] | 2018-10-24 08:43:40 | System.Data.SqlClient.SqlException (0x80131904): The transaction log for database 'ShopViet_QA' is full due to 'LOG_BACKUP'. 
   at System.Data.SqlClient.SqlConnection.OnError(SqlException exception, Boolean breakConnection, Action`1 wrapCloseInAction)
   at System.Data.SqlClient.SqlInternalConnection.OnError(SqlException exception, Boolean breakConnection, Action`1 wrapCloseInAction)
   at System.Data.SqlClient.TdsParser.ThrowExceptionAndWarning(TdsParserStateObject stateObj, Boolean callerHasConnectionLock, Boolean asyncClose)
   at System.Data.SqlClient.TdsParser.TryRun(RunBehavior runBehavior, SqlCommand cmdHandler, SqlDataReader dataStream, BulkCopySimpleResultSet bulkCopyHandler, TdsParserStateObject stateObj, Boolean& dataReady)
   at System.Data.SqlClient.SqlCommand.FinishExecuteReader(SqlDataReader ds, RunBehavior runBehavior, String resetOptionsString, Boolean isInternal, Boolean forDescribeParameterEncryption, Boolean shouldCacheForAlwaysEncrypted)
   at System.Data.SqlClient.SqlCommand.RunExecuteReaderTds(CommandBehavior cmdBehavior, RunBehavior runBehavior, Boolean returnStream, Boolean async, Int32 timeout, Task& task, Boolean asyncWrite, Boolean inRetry, SqlDataReader ds, Boolean describeParameterEncryptionRequest)
   at System.Data.SqlClient.SqlCommand.RunExecuteReader(CommandBehavior cmdBehavior, RunBehavior runBehavior, Boolean returnStream, String method, TaskCompletionSource`1 completion, Int32 timeout, Task& task, Boolean& usedCache, Boolean asyncWrite, Boolean inRetry)
   at System.Data.SqlClient.SqlCommand.InternalExecuteNonQuery(TaskCompletionSource`1 completion, String methodName, Boolean sendToPipe, Int32 timeout, Boolean& usedCache, Boolean asyncWrite, Boolean inRetry)
   at System.Data.SqlClient.SqlCommand.ExecuteNonQuery()
   at Dapper.SqlMapper.ExecuteCommand(IDbConnection cnn, CommandDefinition& command, Action`2 paramReader)
   at Dapper.SqlMapper.ExecuteImpl(IDbConnection cnn, CommandDefinition& command)
   at Dapper.SqlMapper.Execute(IDbConnection cnn, String sql, Object param, IDbTransaction transaction, Nullable`1 commandTimeout, Nullable`1 commandType)
   at Framework.Data.ADOProvider.ProcedureExecute(String procedure, Object oParams) in C:\Users\MINHNN\Desktop\CODE\SHOPVIET\Shopviet\Framework\Framework\Framework\Data\ADOProvider.cs:line 402
ClientConnectionId:7dd4483b-d6cd-4f3e-b981-963c7211b479
Error Number:9002,State:2,Class:17 
 
==> [ERROR] | 2018-10-24 08:44:36 | System.ApplicationException: Attempting to cast a DBNull to a non nullable type! Note that out/return parameters will not have updated values until the data stream completes (after the 'foreach' for Query(..., buffered: false), or after the GridReader has been disposed for QueryMultiple)
   at Dapper.DynamicParameters.Get[T](String name)
   at LIB.IplOrder.SaveOrder(OrderSubmitModel orderRequest, Int32 UserId, Int64& OrderId, String& message) in C:\Users\MINHNN\Desktop\CODE\SHOPVIET\Shopviet\LIB\Orders\IplOrder.cs:line 227 
 
==> [INFO] | 2018-10-24 09:15:29 | ===============Start Sync Orders! ==================== 
 
==> [INFO] | 2018-10-24 09:15:41 | API:http://192.168.0.92:9000//token 
 
==> [INFO] | 2018-10-24 09:15:56 | Mã token:bearer -SRGCywhvZlFy0l3P6QGw1q0dd288tv-uTS_Ow-KWnynuwe5jbqksjuwSGiWCamsqmjYaD-JONd_emam-y5N7EaSIT81LluIZ8u5K4uaf4Ytd-nYAKu8MxM6qEL_Zk49Gn0TJorQYiWN4eg26tN-Lxqy5AAhAejSHuPVwNcRzN-e1O5jY9y6ZJHTqH6d2I9z3Kx85qgHXnqHa3XXy0BTiDxr89YyRks35SlRrKYhS1q16hwTzdTQadVsN9z4vQlbJh6p9-QBEHtgabHBKkbAZzjhx0IteVyMHiT7oPZHwhfEnWrqaP4f0i3pcRBhnTf_0gPsCCFpVS_zlH9T6JXEHQ 
 
==> [INFO] | 2018-10-24 09:16:20 | Get order submit:<OrderPost><OrderShops><OrderShop><OrderResource>HH000000006</OrderResource><WarehouseCode>SHOP2</WarehouseCode><TotalPrice>2000000.00</TotalPrice><TypeOrder>0</TypeOrder><OrderItems><OrderItem><Barcode>20821233251201</Barcode><ProductCode>033H28U76815</ProductCode><Quantity>10</Quantity><Price>200000.00</Price><Discount>0.000000</Discount><PercentDiscount>0.00</PercentDiscount><TotalPrice>2000000.000000</TotalPrice><Type>Sell</Type></OrderItem></OrderItems></OrderShop><OrderShop><OrderResource>ShopHN10000000002</OrderResource><WarehouseCode>ShopHN10</WarehouseCode><TotalPrice>200000.00</TotalPrice><TypeOrder>0</TypeOrder><OrderItems><OrderItem><Barcode>4028898012103</Barcode><Quantity>1</Quantity><Price>200000.00</Price><Discount>0.000000</Discount><PercentDiscount>0.00</PercentDiscount><TotalPrice>200000.000000</TotalPrice><Type>Sell</Type></OrderItem></OrderItems></OrderShop></OrderShops></OrderPost> 
 
==> [INFO] | 2018-10-24 09:17:52 | Data after convert xml -> json:{"OrderShops":[{"OrderResource":"HH000000006","Description":null,"WarehouseCode":"SHOP2","Note":null,"TotalPrice":2000000.0,"TypeOrder":"0","OrderItems":[{"Barcode":"20821233251201","ProductCode":"033H28U76815","Quantity":10,"Price":200000.0,"Type":"Sell","Discount":0.0,"PercentDiscount":0.0,"TotalPrice":2000000.0}]},{"OrderResource":"ShopHN10000000002","Description":null,"WarehouseCode":"ShopHN10","Note":null,"TotalPrice":200000.0,"TypeOrder":"0","OrderItems":[{"Barcode":"4028898012103","ProductCode":null,"Quantity":1,"Price":200000.0,"Type":"Sell","Discount":0.0,"PercentDiscount":0.0,"TotalPrice":200000.0}]}]} 
 
==> [INFO] | 2018-10-24 09:17:53 | API Order: http://192.168.0.92:9000//api/Orders/SubmitOrderShop 
 
==> [INFO] | 2018-10-24 09:17:55 | ResultMethod: POST, RequestUri: 'http://192.168.0.92:9000//api/Orders/SubmitOrderShop', Version: 1.1, Content: System.Net.Http.StringContent, Headers:
{
  Accept: application/json
  Authorization: bearer -SRGCywhvZlFy0l3P6QGw1q0dd288tv-uTS_Ow-KWnynuwe5jbqksjuwSGiWCamsqmjYaD-JONd_emam-y5N7EaSIT81LluIZ8u5K4uaf4Ytd-nYAKu8MxM6qEL_Zk49Gn0TJorQYiWN4eg26tN-Lxqy5AAhAejSHuPVwNcRzN-e1O5jY9y6ZJHTqH6d2I9z3Kx85qgHXnqHa3XXy0BTiDxr89YyRks35SlRrKYhS1q16hwTzdTQadVsN9z4vQlbJh6p9-QBEHtgabHBKkbAZzjhx0IteVyMHiT7oPZHwhfEnWrqaP4f0i3pcRBhnTf_0gPsCCFpVS_zlH9T6JXEHQ
  Content-Type: application/json; charset=utf-8
  Content-Length: 619
} 
 
==> [INFO] | 2018-10-24 09:18:02 | Don't know Status: False 
 
==> [INFO] | 2018-10-24 09:18:47 | Get order submit:<OrderPost><OrderShops><OrderShop><OrderResource>SHH000000039</OrderResource><WarehouseCode>SHOP1</WarehouseCode><TotalPrice>200000.00</TotalPrice><TypeOrder>0</TypeOrder><OrderItems><OrderItem><Barcode>20821233251201</Barcode><ProductCode>LF5A8S14K7M8</ProductCode><Quantity>1</Quantity><Price>200000.00</Price><Discount>0.000000</Discount><PercentDiscount>0.00</PercentDiscount><TotalPrice>200000.000000</TotalPrice><Type>Sell</Type></OrderItem></OrderItems></OrderShop><OrderShop><OrderResource>ShopHN9000000003</OrderResource><WarehouseCode>ShopHN9</WarehouseCode><TotalPrice>200000.00</TotalPrice><TypeOrder>0</TypeOrder><OrderItems><OrderItem><Barcode>4028898012102</Barcode><ProductCode>2J21E8R28I43</ProductCode><Quantity>1</Quantity><Price>200000.00</Price><Discount>0.000000</Discount><PercentDiscount>0.00</PercentDiscount><TotalPrice>200000.000000</TotalPrice><Type>Sell</Type></OrderItem></OrderItems></OrderShop></OrderShops></OrderPost> 
 
==> [INFO] | 2018-10-24 09:19:07 | Data after convert xml -> json:{"OrderShops":[{"OrderResource":"SHH000000039","Description":null,"WarehouseCode":"SHOP1","Note":null,"TotalPrice":200000.0,"TypeOrder":"0","OrderItems":[{"Barcode":"20821233251201","ProductCode":"LF5A8S14K7M8","Quantity":1,"Price":200000.0,"Type":"Sell","Discount":0.0,"PercentDiscount":0.0,"TotalPrice":200000.0}]},{"OrderResource":"ShopHN9000000003","Description":null,"WarehouseCode":"ShopHN9","Note":null,"TotalPrice":200000.0,"TypeOrder":"0","OrderItems":[{"Barcode":"4028898012102","ProductCode":"2J21E8R28I43","Quantity":1,"Price":200000.0,"Type":"Sell","Discount":0.0,"PercentDiscount":0.0,"TotalPrice":200000.0}]}]} 
 
==> [INFO] | 2018-10-24 09:19:08 | API Order: http://192.168.0.92:9000//api/Orders/SubmitOrderShop 
 
==> [INFO] | 2018-10-24 09:19:42 | ResultMethod: POST, RequestUri: 'http://192.168.0.92:9000//api/Orders/SubmitOrderShop', Version: 1.1, Content: System.Net.Http.StringContent, Headers:
{
  Accept: application/json
  Authorization: bearer -SRGCywhvZlFy0l3P6QGw1q0dd288tv-uTS_Ow-KWnynuwe5jbqksjuwSGiWCamsqmjYaD-JONd_emam-y5N7EaSIT81LluIZ8u5K4uaf4Ytd-nYAKu8MxM6qEL_Zk49Gn0TJorQYiWN4eg26tN-Lxqy5AAhAejSHuPVwNcRzN-e1O5jY9y6ZJHTqH6d2I9z3Kx85qgHXnqHa3XXy0BTiDxr89YyRks35SlRrKYhS1q16hwTzdTQadVsN9z4vQlbJh6p9-QBEHtgabHBKkbAZzjhx0IteVyMHiT7oPZHwhfEnWrqaP4f0i3pcRBhnTf_0gPsCCFpVS_zlH9T6JXEHQ
  Content-Type: application/json; charset=utf-8
  Content-Length: 625
} 
 
==> [INFO] | 2018-10-24 09:19:49 | Saved order response: <ArrayOfOrderResult  ><OrderResult><OrderResource>SHH000000039</OrderResource><WarehouseCode>SHOP1</WarehouseCode><MessageCode>FAIL</MessageCode><Message>Order dã du?c t?o</Message></OrderResult><OrderResult><OrderResource>ShopHN9000000003</OrderResource><WarehouseCode>ShopHN9</WarehouseCode><MessageCode>FAIL</MessageCode><Message>Order dã du?c t?o</Message></OrderResult></ArrayOfOrderResult> 
 
==> [INFO] | 2018-10-24 09:20:01 | Get order submit:<OrderPost><OrderShops><OrderShop><OrderResource>SHH000000008</OrderResource><WarehouseCode>SHOP1</WarehouseCode><TotalPrice>200000.00</TotalPrice><TypeOrder>0</TypeOrder><OrderItems><OrderItem><Barcode>20821233251202</Barcode><ProductCode>2605L913VT0M</ProductCode><Quantity>1</Quantity><Price>200000.00</Price><Discount>0.000000</Discount><PercentDiscount>0.00</PercentDiscount><TotalPrice>200000.000000</TotalPrice><Type>Sell</Type></OrderItem></OrderItems></OrderShop><OrderShop><OrderResource>ShopHN10000000001</OrderResource><WarehouseCode>ShopHN10</WarehouseCode><TotalPrice>2000000.00</TotalPrice><TypeOrder>0</TypeOrder><OrderItems><OrderItem><Barcode>4028898012103</Barcode><Quantity>10</Quantity><Price>200000.00</Price><Discount>0.000000</Discount><PercentDiscount>0.00</PercentDiscount><TotalPrice>2000000.000000</TotalPrice><Type>Sell</Type></OrderItem><OrderItem><Barcode>4028898012104</Barcode><Quantity>1</Quantity><Price>0.00</Price><Discount>0.000000</Discount><PercentDiscount>0.00</PercentDiscount><TotalPrice>0.000000</TotalPrice><Type>Promotion</Type></OrderItem><OrderItem><Barcode>4028898012103</Barcode><Quantity>1</Quantity><Price>0.00</Price><Discount>0.000000</Discount><PercentDiscount>0.00</PercentDiscount><TotalPrice>0.000000</TotalPrice><Type>Promotion</Type></OrderItem></OrderItems></OrderShop></OrderShops></OrderPost> 
 
==> [INFO] | 2018-10-24 09:20:01 | Data after convert xml -> json:{"OrderShops":[{"OrderResource":"SHH000000008","Description":null,"WarehouseCode":"SHOP1","Note":null,"TotalPrice":200000.0,"TypeOrder":"0","OrderItems":[{"Barcode":"20821233251202","ProductCode":"2605L913VT0M","Quantity":1,"Price":200000.0,"Type":"Sell","Discount":0.0,"PercentDiscount":0.0,"TotalPrice":200000.0}]},{"OrderResource":"ShopHN10000000001","Description":null,"WarehouseCode":"ShopHN10","Note":null,"TotalPrice":2000000.0,"TypeOrder":"0","OrderItems":[{"Barcode":"4028898012103","ProductCode":null,"Quantity":10,"Price":200000.0,"Type":"Sell","Discount":0.0,"PercentDiscount":0.0,"TotalPrice":2000000.0},{"Barcode":"4028898012104","ProductCode":null,"Quantity":1,"Price":0.0,"Type":"Promotion","Discount":0.0,"PercentDiscount":0.0,"TotalPrice":0.0},{"Barcode":"4028898012103","ProductCode":null,"Quantity":1,"Price":0.0,"Type":"Promotion","Discount":0.0,"PercentDiscount":0.0,"TotalPrice":0.0}]}]} 
 
==> [INFO] | 2018-10-24 09:20:01 | API Order: http://192.168.0.92:9000//api/Orders/SubmitOrderShop 
 
==> [INFO] | 2018-10-24 09:20:01 | ResultMethod: POST, RequestUri: 'http://192.168.0.92:9000//api/Orders/SubmitOrderShop', Version: 1.1, Content: System.Net.Http.StringContent, Headers:
{
  Accept: application/json
  Authorization: bearer -SRGCywhvZlFy0l3P6QGw1q0dd288tv-uTS_Ow-KWnynuwe5jbqksjuwSGiWCamsqmjYaD-JONd_emam-y5N7EaSIT81LluIZ8u5K4uaf4Ytd-nYAKu8MxM6qEL_Zk49Gn0TJorQYiWN4eg26tN-Lxqy5AAhAejSHuPVwNcRzN-e1O5jY9y6ZJHTqH6d2I9z3Kx85qgHXnqHa3XXy0BTiDxr89YyRks35SlRrKYhS1q16hwTzdTQadVsN9z4vQlbJh6p9-QBEHtgabHBKkbAZzjhx0IteVyMHiT7oPZHwhfEnWrqaP4f0i3pcRBhnTf_0gPsCCFpVS_zlH9T6JXEHQ
  Content-Type: application/json; charset=utf-8
  Content-Length: 910
} 
 
==> [INFO] | 2018-10-24 09:20:01 | Don't know Status: False 
 
==> [INFO] | 2018-10-24 09:20:01 | Get order submit:<OrderPost><OrderShops><OrderShop><OrderResource>OC000000004</OrderResource><WarehouseCode>ShopHN10</WarehouseCode><TotalPrice>6300000.00</TotalPrice><TypeOrder>0</TypeOrder><OrderItems><OrderItem><Barcode>4028898012101</Barcode><Quantity>90</Quantity><Price>70000.00</Price><Discount>0.000000</Discount><PercentDiscount>0.00</PercentDiscount><TotalPrice>6300000.000000</TotalPrice><Type>Sell</Type></OrderItem></OrderItems></OrderShop><OrderShop><OrderResource>OC000000003</OrderResource><WarehouseCode>ShopHN10</WarehouseCode><TotalPrice>6300000.00</TotalPrice><TypeOrder>0</TypeOrder><OrderItems><OrderItem><Barcode>4028898012101</Barcode><Quantity>90</Quantity><Price>70000.00</Price><Discount>0.000000</Discount><PercentDiscount>0.00</PercentDiscount><TotalPrice>6300000.000000</TotalPrice><Type>Sell</Type></OrderItem></OrderItems></OrderShop></OrderShops></OrderPost> 
 
==> [INFO] | 2018-10-24 09:20:01 | Data after convert xml -> json:{"OrderShops":[{"OrderResource":"OC000000004","Description":null,"WarehouseCode":"ShopHN10","Note":null,"TotalPrice":6300000.0,"TypeOrder":"0","OrderItems":[{"Barcode":"4028898012101","ProductCode":null,"Quantity":90,"Price":70000.0,"Type":"Sell","Discount":0.0,"PercentDiscount":0.0,"TotalPrice":6300000.0}]},{"OrderResource":"OC000000003","Description":null,"WarehouseCode":"ShopHN10","Note":null,"TotalPrice":6300000.0,"TypeOrder":"0","OrderItems":[{"Barcode":"4028898012101","ProductCode":null,"Quantity":90,"Price":70000.0,"Type":"Sell","Discount":0.0,"PercentDiscount":0.0,"TotalPrice":6300000.0}]}]} 
 
==> [INFO] | 2018-10-24 09:20:01 | API Order: http://192.168.0.92:9000//api/Orders/SubmitOrderShop 
 
==> [INFO] | 2018-10-24 09:20:01 | ResultMethod: POST, RequestUri: 'http://192.168.0.92:9000//api/Orders/SubmitOrderShop', Version: 1.1, Content: System.Net.Http.StringContent, Headers:
{
  Accept: application/json
  Authorization: bearer -SRGCywhvZlFy0l3P6QGw1q0dd288tv-uTS_Ow-KWnynuwe5jbqksjuwSGiWCamsqmjYaD-JONd_emam-y5N7EaSIT81LluIZ8u5K4uaf4Ytd-nYAKu8MxM6qEL_Zk49Gn0TJorQYiWN4eg26tN-Lxqy5AAhAejSHuPVwNcRzN-e1O5jY9y6ZJHTqH6d2I9z3Kx85qgHXnqHa3XXy0BTiDxr89YyRks35SlRrKYhS1q16hwTzdTQadVsN9z4vQlbJh6p9-QBEHtgabHBKkbAZzjhx0IteVyMHiT7oPZHwhfEnWrqaP4f0i3pcRBhnTf_0gPsCCFpVS_zlH9T6JXEHQ
  Content-Type: application/json; charset=utf-8
  Content-Length: 606
} 
 
==> [INFO] | 2018-10-24 09:20:01 | Don't know Status: False 
 
==> [INFO] | 2018-10-24 09:20:02 | Get order submit:<OrderPost><OrderShops><OrderShop><OrderResource>OC000000002</OrderResource><WarehouseCode>ShopHN10</WarehouseCode><TotalPrice>700000.00</TotalPrice><TypeOrder>0</TypeOrder><OrderItems><OrderItem><Barcode>4028898012101</Barcode><Quantity>10</Quantity><Price>70000.00</Price><Discount>0.000000</Discount><PercentDiscount>0.00</PercentDiscount><TotalPrice>700000.000000</TotalPrice><Type>Sell</Type></OrderItem></OrderItems></OrderShop><OrderShop><OrderResource>OC000000001</OrderResource><WarehouseCode>ShopHN10</WarehouseCode><TotalPrice>2000000.00</TotalPrice><TypeOrder>0</TypeOrder><OrderItems><OrderItem><Barcode>4028898012109</Barcode><Quantity>10</Quantity><Price>200000.00</Price><Discount>0.000000</Discount><PercentDiscount>0.00</PercentDiscount><TotalPrice>2000000.000000</TotalPrice><Type>Sell</Type></OrderItem></OrderItems></OrderShop></OrderShops></OrderPost> 
 
==> [INFO] | 2018-10-24 09:20:02 | Data after convert xml -> json:{"OrderShops":[{"OrderResource":"OC000000002","Description":null,"WarehouseCode":"ShopHN10","Note":null,"TotalPrice":700000.0,"TypeOrder":"0","OrderItems":[{"Barcode":"4028898012101","ProductCode":null,"Quantity":10,"Price":70000.0,"Type":"Sell","Discount":0.0,"PercentDiscount":0.0,"TotalPrice":700000.0}]},{"OrderResource":"OC000000001","Description":null,"WarehouseCode":"ShopHN10","Note":null,"TotalPrice":2000000.0,"TypeOrder":"0","OrderItems":[{"Barcode":"4028898012109","ProductCode":null,"Quantity":10,"Price":200000.0,"Type":"Sell","Discount":0.0,"PercentDiscount":0.0,"TotalPrice":2000000.0}]}]} 
 
==> [INFO] | 2018-10-24 09:20:02 | API Order: http://192.168.0.92:9000//api/Orders/SubmitOrderShop 
 
==> [INFO] | 2018-10-24 09:20:02 | ResultMethod: POST, RequestUri: 'http://192.168.0.92:9000//api/Orders/SubmitOrderShop', Version: 1.1, Content: System.Net.Http.StringContent, Headers:
{
  Accept: application/json
  Authorization: bearer -SRGCywhvZlFy0l3P6QGw1q0dd288tv-uTS_Ow-KWnynuwe5jbqksjuwSGiWCamsqmjYaD-JONd_emam-y5N7EaSIT81LluIZ8u5K4uaf4Ytd-nYAKu8MxM6qEL_Zk49Gn0TJorQYiWN4eg26tN-Lxqy5AAhAejSHuPVwNcRzN-e1O5jY9y6ZJHTqH6d2I9z3Kx85qgHXnqHa3XXy0BTiDxr89YyRks35SlRrKYhS1q16hwTzdTQadVsN9z4vQlbJh6p9-QBEHtgabHBKkbAZzjhx0IteVyMHiT7oPZHwhfEnWrqaP4f0i3pcRBhnTf_0gPsCCFpVS_zlH9T6JXEHQ
  Content-Type: application/json; charset=utf-8
  Content-Length: 605
} 
 
==> [INFO] | 2018-10-24 09:20:02 | Don't know Status: False 
 
==> [INFO] | 2018-10-24 09:20:02 | Get order submit:<OrderPost /> 
 
==> [INFO] | 2018-10-24 09:20:02 | Data after convert xml -> json:{"OrderShops":[]} 
 
==> [INFO] | 2018-10-24 09:20:02 | API Order: http://192.168.0.92:9000//api/Orders/SubmitOrderShop 
 
==> [INFO] | 2018-10-24 09:20:02 | ResultMethod: POST, RequestUri: 'http://192.168.0.92:9000//api/Orders/SubmitOrderShop', Version: 1.1, Content: System.Net.Http.StringContent, Headers:
{
  Accept: application/json
  Authorization: bearer -SRGCywhvZlFy0l3P6QGw1q0dd288tv-uTS_Ow-KWnynuwe5jbqksjuwSGiWCamsqmjYaD-JONd_emam-y5N7EaSIT81LluIZ8u5K4uaf4Ytd-nYAKu8MxM6qEL_Zk49Gn0TJorQYiWN4eg26tN-Lxqy5AAhAejSHuPVwNcRzN-e1O5jY9y6ZJHTqH6d2I9z3Kx85qgHXnqHa3XXy0BTiDxr89YyRks35SlRrKYhS1q16hwTzdTQadVsN9z4vQlbJh6p9-QBEHtgabHBKkbAZzjhx0IteVyMHiT7oPZHwhfEnWrqaP4f0i3pcRBhnTf_0gPsCCFpVS_zlH9T6JXEHQ
  Content-Type: application/json; charset=utf-8
  Content-Length: 17
} 
 
==> [INFO] | 2018-10-24 09:20:02 | Saved order response: <ArrayOfOrderResult   /> 
 
==> [INFO] | 2018-10-24 09:20:02 | End while! 
 
==> [INFO] | 2018-10-24 10:36:19 | ===============Start Sync Orders! ==================== 
 
==> [INFO] | 2018-10-24 10:36:22 | API:http://192.168.0.92:9000//token 
 
==> [INFO] | 2018-10-24 10:36:25 | Mã token:bearer EUvrGo2-pHUawtiqBF-EMNpdDh61BZsIbvvK_eW0KOQ0RBRQNfOfG57PS78G6ylBtuqynIq8BoV1Jw4nl-CLaOEMOVH3TlxAEGyUrGuzPxPHtVLxsQdW1jlNMaclvV5dawW62VkluJCeAUSWTZ9XCN4s1Ej9Bpal_WmG60z2cvE3bTOWglRw-POH6fiZY4_dS_ZO5LNjegY2n0PPL10J_ikw5AOEl2onWHTlYdWULtYWembc1Wa9vbT_S7bZaNNNRcsBaMpWgGKDp1n5ZfdCjYRsnXNUOehNmx1Xf_EMLhXaK_ArcDCprdoTFAqwjMDn4R1wM7IzuIwohk5TSVGPAw 
 
==> [INFO] | 2018-10-24 10:36:36 | Get order submit:<OrderPost><OrderShops><OrderShop><OrderResource>HH000000014</OrderResource><WarehouseCode>SHOP2</WarehouseCode><TotalPrice>3000000.00</TotalPrice><TypeOrder>0</TypeOrder><OrderItems><OrderItem><Barcode>20821233251219</Barcode><ProductCode>Y428W1E38Z56</ProductCode><Quantity>3</Quantity><Price>200000.00</Price><Discount>0.000000</Discount><PercentDiscount>0.00</PercentDiscount><TotalPrice>600000.000000</TotalPrice><Type>Sell</Type></OrderItem><OrderItem><Barcode>20821233251218</Barcode><ProductCode>V8O124H53U0Q</ProductCode><Quantity>5</Quantity><Price>200000.00</Price><Discount>0.000000</Discount><PercentDiscount>0.00</PercentDiscount><TotalPrice>1000000.000000</TotalPrice><Type>Sell</Type></OrderItem><OrderItem><Barcode>20821233251217</Barcode><ProductCode>2178306NI161</ProductCode><Quantity>10</Quantity><Price>200000.00</Price><Discount>60000.000000</Discount><PercentDiscount>30.00</PercentDiscount><TotalPrice>1400000.000000</TotalPrice><Type>Sell</Type></OrderItem></OrderItems></OrderShop><OrderShop><OrderResource>ShopHN10000000002</OrderResource><WarehouseCode>ShopHN10</WarehouseCode><TotalPrice>200000.00</TotalPrice><TypeOrder>0</TypeOrder><OrderItems><OrderItem><Barcode>4028898012103</Barcode><Quantity>1</Quantity><Price>200000.00</Price><Discount>0.000000</Discount><PercentDiscount>0.00</PercentDiscount><TotalPrice>200000.000000</TotalPrice><Type>Sell</Type></OrderItem></OrderItems></OrderShop></OrderShops></OrderPost> 
 
==> [INFO] | 2018-10-24 10:36:43 | Data after convert xml -> json:{"OrderShops":[{"OrderResource":"HH000000014","Description":null,"WarehouseCode":"SHOP2","Note":null,"TotalPrice":3000000.0,"TypeOrder":"0","OrderItems":[{"Barcode":"20821233251219","ProductCode":"Y428W1E38Z56","Quantity":3,"Price":200000.0,"Type":"Sell","Discount":0.0,"PercentDiscount":0.0,"TotalPrice":600000.0},{"Barcode":"20821233251218","ProductCode":"V8O124H53U0Q","Quantity":5,"Price":200000.0,"Type":"Sell","Discount":0.0,"PercentDiscount":0.0,"TotalPrice":1000000.0},{"Barcode":"20821233251217","ProductCode":"2178306NI161","Quantity":10,"Price":200000.0,"Type":"Sell","Discount":60000.0,"PercentDiscount":30.0,"TotalPrice":1400000.0}]},{"OrderResource":"ShopHN10000000002","Description":null,"WarehouseCode":"ShopHN10","Note":null,"TotalPrice":200000.0,"TypeOrder":"0","OrderItems":[{"Barcode":"4028898012103","ProductCode":null,"Quantity":1,"Price":200000.0,"Type":"Sell","Discount":0.0,"PercentDiscount":0.0,"TotalPrice":200000.0}]}]} 
 
==> [INFO] | 2018-10-24 10:36:45 | API Order: http://192.168.0.92:9000//api/Orders/SubmitOrderShop 
 
==> [INFO] | 2018-10-24 10:36:51 | ResultMethod: POST, RequestUri: 'http://192.168.0.92:9000//api/Orders/SubmitOrderShop', Version: 1.1, Content: System.Net.Http.StringContent, Headers:
{
  Accept: application/json
  Authorization: bearer EUvrGo2-pHUawtiqBF-EMNpdDh61BZsIbvvK_eW0KOQ0RBRQNfOfG57PS78G6ylBtuqynIq8BoV1Jw4nl-CLaOEMOVH3TlxAEGyUrGuzPxPHtVLxsQdW1jlNMaclvV5dawW62VkluJCeAUSWTZ9XCN4s1Ej9Bpal_WmG60z2cvE3bTOWglRw-POH6fiZY4_dS_ZO5LNjegY2n0PPL10J_ikw5AOEl2onWHTlYdWULtYWembc1Wa9vbT_S7bZaNNNRcsBaMpWgGKDp1n5ZfdCjYRsnXNUOehNmx1Xf_EMLhXaK_ArcDCprdoTFAqwjMDn4R1wM7IzuIwohk5TSVGPAw
  Content-Type: application/json; charset=utf-8
  Content-Length: 947
} 
 
==> [INFO] | 2018-10-24 10:41:13 | Don't know Status: False 
 
==> [INFO] | 2018-10-24 10:41:13 | Get order submit:<OrderPost><OrderShops><OrderShop><OrderResource>ShopHN10000000002</OrderResource><WarehouseCode>ShopHN10</WarehouseCode><TotalPrice>200000.00</TotalPrice><TypeOrder>0</TypeOrder><OrderItems><OrderItem><Barcode>4028898012103</Barcode><Quantity>1</Quantity><Price>200000.00</Price><Discount>0.000000</Discount><PercentDiscount>0.00</PercentDiscount><TotalPrice>200000.000000</TotalPrice><Type>Sell</Type></OrderItem></OrderItems></OrderShop><OrderShop><OrderResource>SHH000000039</OrderResource><WarehouseCode>SHOP1</WarehouseCode><TotalPrice>200000.00</TotalPrice><TypeOrder>0</TypeOrder><OrderItems><OrderItem><Barcode>20821233251201</Barcode><ProductCode>LF5A8S14K7M8</ProductCode><Quantity>1</Quantity><Price>200000.00</Price><Discount>0.000000</Discount><PercentDiscount>0.00</PercentDiscount><TotalPrice>200000.000000</TotalPrice><Type>Sell</Type></OrderItem></OrderItems></OrderShop></OrderShops></OrderPost> 
 
==> [INFO] | 2018-10-24 10:41:13 | Data after convert xml -> json:{"OrderShops":[{"OrderResource":"ShopHN10000000002","Description":null,"WarehouseCode":"ShopHN10","Note":null,"TotalPrice":200000.0,"TypeOrder":"0","OrderItems":[{"Barcode":"4028898012103","ProductCode":null,"Quantity":1,"Price":200000.0,"Type":"Sell","Discount":0.0,"PercentDiscount":0.0,"TotalPrice":200000.0}]},{"OrderResource":"SHH000000039","Description":null,"WarehouseCode":"SHOP1","Note":null,"TotalPrice":200000.0,"TypeOrder":"0","OrderItems":[{"Barcode":"20821233251201","ProductCode":"LF5A8S14K7M8","Quantity":1,"Price":200000.0,"Type":"Sell","Discount":0.0,"PercentDiscount":0.0,"TotalPrice":200000.0}]}]} 
 
==> [INFO] | 2018-10-24 10:41:13 | API Order: http://192.168.0.92:9000//api/Orders/SubmitOrderShop 
 
==> [INFO] | 2018-10-24 10:41:13 | ResultMethod: POST, RequestUri: 'http://192.168.0.92:9000//api/Orders/SubmitOrderShop', Version: 1.1, Content: System.Net.Http.StringContent, Headers:
{
  Accept: application/json
  Authorization: bearer EUvrGo2-pHUawtiqBF-EMNpdDh61BZsIbvvK_eW0KOQ0RBRQNfOfG57PS78G6ylBtuqynIq8BoV1Jw4nl-CLaOEMOVH3TlxAEGyUrGuzPxPHtVLxsQdW1jlNMaclvV5dawW62VkluJCeAUSWTZ9XCN4s1Ej9Bpal_WmG60z2cvE3bTOWglRw-POH6fiZY4_dS_ZO5LNjegY2n0PPL10J_ikw5AOEl2onWHTlYdWULtYWembc1Wa9vbT_S7bZaNNNRcsBaMpWgGKDp1n5ZfdCjYRsnXNUOehNmx1Xf_EMLhXaK_ArcDCprdoTFAqwjMDn4R1wM7IzuIwohk5TSVGPAw
  Content-Type: application/json; charset=utf-8
  Content-Length: 617
} 
 
==> [INFO] | 2018-10-24 10:41:13 | Don't know Status: False 
 
==> [INFO] | 2018-10-24 10:41:13 | Get order submit:<OrderPost><OrderShops><OrderShop><OrderResource>ShopHN9000000003</OrderResource><WarehouseCode>ShopHN9</WarehouseCode><TotalPrice>200000.00</TotalPrice><TypeOrder>0</TypeOrder><OrderItems><OrderItem><Barcode>4028898012102</Barcode><ProductCode>2J21E8R28I43</ProductCode><Quantity>1</Quantity><Price>200000.00</Price><Discount>0.000000</Discount><PercentDiscount>0.00</PercentDiscount><TotalPrice>200000.000000</TotalPrice><Type>Sell</Type></OrderItem></OrderItems></OrderShop><OrderShop><OrderResource>SHH000000008</OrderResource><WarehouseCode>SHOP1</WarehouseCode><TotalPrice>200000.00</TotalPrice><TypeOrder>0</TypeOrder><OrderItems><OrderItem><Barcode>20821233251202</Barcode><ProductCode>2605L913VT0M</ProductCode><Quantity>1</Quantity><Price>200000.00</Price><Discount>0.000000</Discount><PercentDiscount>0.00</PercentDiscount><TotalPrice>200000.000000</TotalPrice><Type>Sell</Type></OrderItem></OrderItems></OrderShop></OrderShops></OrderPost> 
 
==> [INFO] | 2018-10-24 10:41:13 | Data after convert xml -> json:{"OrderShops":[{"OrderResource":"ShopHN9000000003","Description":null,"WarehouseCode":"ShopHN9","Note":null,"TotalPrice":200000.0,"TypeOrder":"0","OrderItems":[{"Barcode":"4028898012102","ProductCode":"2J21E8R28I43","Quantity":1,"Price":200000.0,"Type":"Sell","Discount":0.0,"PercentDiscount":0.0,"TotalPrice":200000.0}]},{"OrderResource":"SHH000000008","Description":null,"WarehouseCode":"SHOP1","Note":null,"TotalPrice":200000.0,"TypeOrder":"0","OrderItems":[{"Barcode":"20821233251202","ProductCode":"2605L913VT0M","Quantity":1,"Price":200000.0,"Type":"Sell","Discount":0.0,"PercentDiscount":0.0,"TotalPrice":200000.0}]}]} 
 
==> [INFO] | 2018-10-24 10:41:13 | API Order: http://192.168.0.92:9000//api/Orders/SubmitOrderShop 
 
==> [INFO] | 2018-10-24 10:41:13 | ResultMethod: POST, RequestUri: 'http://192.168.0.92:9000//api/Orders/SubmitOrderShop', Version: 1.1, Content: System.Net.Http.StringContent, Headers:
{
  Accept: application/json
  Authorization: bearer EUvrGo2-pHUawtiqBF-EMNpdDh61BZsIbvvK_eW0KOQ0RBRQNfOfG57PS78G6ylBtuqynIq8BoV1Jw4nl-CLaOEMOVH3TlxAEGyUrGuzPxPHtVLxsQdW1jlNMaclvV5dawW62VkluJCeAUSWTZ9XCN4s1Ej9Bpal_WmG60z2cvE3bTOWglRw-POH6fiZY4_dS_ZO5LNjegY2n0PPL10J_ikw5AOEl2onWHTlYdWULtYWembc1Wa9vbT_S7bZaNNNRcsBaMpWgGKDp1n5ZfdCjYRsnXNUOehNmx1Xf_EMLhXaK_ArcDCprdoTFAqwjMDn4R1wM7IzuIwohk5TSVGPAw
  Content-Type: application/json; charset=utf-8
  Content-Length: 625
} 
 
==> [INFO] | 2018-10-24 10:41:13 | Saved order response: <ArrayOfOrderResult  ><OrderResult><OrderResource>ShopHN9000000003</OrderResource><WarehouseCode>ShopHN9</WarehouseCode><MessageCode>FAIL</MessageCode><Message>Order dã du?c t?o</Message></OrderResult><OrderResult><OrderResource>SHH000000008</OrderResource><WarehouseCode>SHOP1</WarehouseCode><MessageCode>FAIL</MessageCode><Message>Order dã du?c t?o</Message></OrderResult></ArrayOfOrderResult> 
 
==> [INFO] | 2018-10-24 10:41:13 | Get order submit:<OrderPost><OrderShops><OrderShop><OrderResource>ShopHN10000000001</OrderResource><WarehouseCode>ShopHN10</WarehouseCode><TotalPrice>2000000.00</TotalPrice><TypeOrder>0</TypeOrder><OrderItems><OrderItem><Barcode>4028898012103</Barcode><Quantity>10</Quantity><Price>200000.00</Price><Discount>0.000000</Discount><PercentDiscount>0.00</PercentDiscount><TotalPrice>2000000.000000</TotalPrice><Type>Sell</Type></OrderItem><OrderItem><Barcode>4028898012104</Barcode><Quantity>1</Quantity><Price>0.00</Price><Discount>0.000000</Discount><PercentDiscount>0.00</PercentDiscount><TotalPrice>0.000000</TotalPrice><Type>Promotion</Type></OrderItem><OrderItem><Barcode>4028898012103</Barcode><Quantity>1</Quantity><Price>0.00</Price><Discount>0.000000</Discount><PercentDiscount>0.00</PercentDiscount><TotalPrice>0.000000</TotalPrice><Type>Promotion</Type></OrderItem></OrderItems></OrderShop><OrderShop><OrderResource>OC000000004</OrderResource><WarehouseCode>ShopHN10</WarehouseCode><TotalPrice>6300000.00</TotalPrice><TypeOrder>0</TypeOrder><OrderItems><OrderItem><Barcode>4028898012101</Barcode><Quantity>90</Quantity><Price>70000.00</Price><Discount>0.000000</Discount><PercentDiscount>0.00</PercentDiscount><TotalPrice>6300000.000000</TotalPrice><Type>Sell</Type></OrderItem></OrderItems></OrderShop></OrderShops></OrderPost> 
 
==> [INFO] | 2018-10-24 10:41:13 | Data after convert xml -> json:{"OrderShops":[{"OrderResource":"ShopHN10000000001","Description":null,"WarehouseCode":"ShopHN10","Note":null,"TotalPrice":2000000.0,"TypeOrder":"0","OrderItems":[{"Barcode":"4028898012103","ProductCode":null,"Quantity":10,"Price":200000.0,"Type":"Sell","Discount":0.0,"PercentDiscount":0.0,"TotalPrice":2000000.0},{"Barcode":"4028898012104","ProductCode":null,"Quantity":1,"Price":0.0,"Type":"Promotion","Discount":0.0,"PercentDiscount":0.0,"TotalPrice":0.0},{"Barcode":"4028898012103","ProductCode":null,"Quantity":1,"Price":0.0,"Type":"Promotion","Discount":0.0,"PercentDiscount":0.0,"TotalPrice":0.0}]},{"OrderResource":"OC000000004","Description":null,"WarehouseCode":"ShopHN10","Note":null,"TotalPrice":6300000.0,"TypeOrder":"0","OrderItems":[{"Barcode":"4028898012101","ProductCode":null,"Quantity":90,"Price":70000.0,"Type":"Sell","Discount":0.0,"PercentDiscount":0.0,"TotalPrice":6300000.0}]}]} 
 
==> [INFO] | 2018-10-24 10:41:13 | API Order: http://192.168.0.92:9000//api/Orders/SubmitOrderShop 
 
==> [INFO] | 2018-10-24 10:41:13 | ResultMethod: POST, RequestUri: 'http://192.168.0.92:9000//api/Orders/SubmitOrderShop', Version: 1.1, Content: System.Net.Http.StringContent, Headers:
{
  Accept: application/json
  Authorization: bearer EUvrGo2-pHUawtiqBF-EMNpdDh61BZsIbvvK_eW0KOQ0RBRQNfOfG57PS78G6ylBtuqynIq8BoV1Jw4nl-CLaOEMOVH3TlxAEGyUrGuzPxPHtVLxsQdW1jlNMaclvV5dawW62VkluJCeAUSWTZ9XCN4s1Ej9Bpal_WmG60z2cvE3bTOWglRw-POH6fiZY4_dS_ZO5LNjegY2n0PPL10J_ikw5AOEl2onWHTlYdWULtYWembc1Wa9vbT_S7bZaNNNRcsBaMpWgGKDp1n5ZfdCjYRsnXNUOehNmx1Xf_EMLhXaK_ArcDCprdoTFAqwjMDn4R1wM7IzuIwohk5TSVGPAw
  Content-Type: application/json; charset=utf-8
  Content-Length: 903
} 
 
==> [INFO] | 2018-10-24 10:41:13 | Don't know Status: False 
 
==> [INFO] | 2018-10-24 10:41:13 | Get order submit:<OrderPost><OrderShops><OrderShop><OrderResource>OC000000001</OrderResource><WarehouseCode>ShopHN10</WarehouseCode><TotalPrice>2000000.00</TotalPrice><TypeOrder>0</TypeOrder><OrderItems><OrderItem><Barcode>4028898012109</Barcode><Quantity>10</Quantity><Price>200000.00</Price><Discount>0.000000</Discount><PercentDiscount>0.00</PercentDiscount><TotalPrice>2000000.000000</TotalPrice><Type>Sell</Type></OrderItem></OrderItems></OrderShop></OrderShops></OrderPost> 
 
==> [INFO] | 2018-10-24 10:41:13 | Data after convert xml -> json:{"OrderShops":[{"OrderResource":"OC000000001","Description":null,"WarehouseCode":"ShopHN10","Note":null,"TotalPrice":2000000.0,"TypeOrder":"0","OrderItems":[{"Barcode":"4028898012109","ProductCode":null,"Quantity":10,"Price":200000.0,"Type":"Sell","Discount":0.0,"PercentDiscount":0.0,"TotalPrice":2000000.0}]}]} 
 
==> [INFO] | 2018-10-24 10:41:13 | API Order: http://192.168.0.92:9000//api/Orders/SubmitOrderShop 
 
==> [INFO] | 2018-10-24 10:41:13 | ResultMethod: POST, RequestUri: 'http://192.168.0.92:9000//api/Orders/SubmitOrderShop', Version: 1.1, Content: System.Net.Http.StringContent, Headers:
{
  Accept: application/json
  Authorization: bearer EUvrGo2-pHUawtiqBF-EMNpdDh61BZsIbvvK_eW0KOQ0RBRQNfOfG57PS78G6ylBtuqynIq8BoV1Jw4nl-CLaOEMOVH3TlxAEGyUrGuzPxPHtVLxsQdW1jlNMaclvV5dawW62VkluJCeAUSWTZ9XCN4s1Ej9Bpal_WmG60z2cvE3bTOWglRw-POH6fiZY4_dS_ZO5LNjegY2n0PPL10J_ikw5AOEl2onWHTlYdWULtYWembc1Wa9vbT_S7bZaNNNRcsBaMpWgGKDp1n5ZfdCjYRsnXNUOehNmx1Xf_EMLhXaK_ArcDCprdoTFAqwjMDn4R1wM7IzuIwohk5TSVGPAw
  Content-Type: application/json; charset=utf-8
  Content-Length: 312
} 
 
==> [INFO] | 2018-10-24 10:41:13 | Don't know Status: False 
 
==> [INFO] | 2018-10-24 10:41:13 | End while! 
 
==> [INFO] | 2018-10-24 11:42:52 | ===============Start Sync Orders! ==================== 
 
==> [INFO] | 2018-10-24 11:42:54 | API:http://192.168.0.92:9000//token 
 
==> [INFO] | 2018-10-24 11:42:57 | Mã token:bearer V8vXXvSqZp5JnNAiee9LEjexL5aOcmIdRMxarVbi6toUnIrtswAls9vx35_4-bnC_FQImjduFHryeMZejKP4IR8EtH_3vhUVE0jM7SbIvUTTm3KXqkWI5zxN62dSgtwUQluk2W_YPtMKWAnGrqQyltwROrZZM2xu7VslIevhVQ2XWk6ClP9oOCa0PwOPjg2ItMKIUt2T2cBucalk3lI73nV6UpRPaGnqNXMx1ci2atyvM4jvtolirsIk35WqI4NpPPlllMsGtNBro9mHfzbNzSw1_S7PRscTtIJ5fLsJM236YjdwIfRGs6WNrBdo3RZtMmWYmZGv6JGK1E2Hlx_FTA 
 
==> [INFO] | 2018-10-24 11:43:08 | Get order submit:<OrderPost><OrderShops><OrderShop><OrderResource>HH000000027</OrderResource><WarehouseCode>SHOP2</WarehouseCode><TotalPrice>200000.00</TotalPrice><TypeOrder>0</TypeOrder><OrderItems><OrderItem><Barcode>20821233251202</Barcode><ProductCode>6JT3M12FHWU8</ProductCode><Quantity>1</Quantity><Price>200000.00</Price><Discount>0.000000</Discount><PercentDiscount>0.00</PercentDiscount><TotalPrice>200000.000000</TotalPrice><Type>Sell</Type></OrderItem><OrderItem><Barcode>20821233251203</Barcode><ProductCode>688615VBG3K9</ProductCode><Quantity>1</Quantity><Price>0.00</Price><Discount>0.000000</Discount><PercentDiscount>0.00</PercentDiscount><TotalPrice>0.000000</TotalPrice><Type>Promotion</Type></OrderItem></OrderItems></OrderShop></OrderShops></OrderPost> 
 
==> [INFO] | 2018-10-24 11:43:10 | Data after convert xml -> json:{"OrderShops":[{"OrderResource":"HH000000027","Description":null,"WarehouseCode":"SHOP2","Note":null,"TotalPrice":200000.0,"TypeOrder":"0","OrderItems":[{"Barcode":"20821233251202","ProductCode":"6JT3M12FHWU8","Quantity":1,"Price":200000.0,"Type":"Sell","Discount":0.0,"PercentDiscount":0.0,"TotalPrice":200000.0},{"Barcode":"20821233251203","ProductCode":"688615VBG3K9","Quantity":1,"Price":0.0,"Type":"Promotion","Discount":0.0,"PercentDiscount":0.0,"TotalPrice":0.0}]}]} 
 
==> [INFO] | 2018-10-24 11:43:11 | API Order: http://192.168.0.92:9000//api/Orders/SubmitOrderShop 
 
==> [INFO] | 2018-10-24 11:43:15 | ResultMethod: POST, RequestUri: 'http://192.168.0.92:9000//api/Orders/SubmitOrderShop', Version: 1.1, Content: System.Net.Http.StringContent, Headers:
{
  Accept: application/json
  Authorization: bearer V8vXXvSqZp5JnNAiee9LEjexL5aOcmIdRMxarVbi6toUnIrtswAls9vx35_4-bnC_FQImjduFHryeMZejKP4IR8EtH_3vhUVE0jM7SbIvUTTm3KXqkWI5zxN62dSgtwUQluk2W_YPtMKWAnGrqQyltwROrZZM2xu7VslIevhVQ2XWk6ClP9oOCa0PwOPjg2ItMKIUt2T2cBucalk3lI73nV6UpRPaGnqNXMx1ci2atyvM4jvtolirsIk35WqI4NpPPlllMsGtNBro9mHfzbNzSw1_S7PRscTtIJ5fLsJM236YjdwIfRGs6WNrBdo3RZtMmWYmZGv6JGK1E2Hlx_FTA
  Content-Type: application/json; charset=utf-8
  Content-Length: 473
} 
 
==> [INFO] | 2018-10-24 11:43:21 | Saved order response: <ArrayOfOrderResult  ><OrderResult><OrderResource>HH000000027</OrderResource><WarehouseCode>SHOP2</WarehouseCode><MessageCode>SUCCESS</MessageCode><Message>Order t?o thành công</Message></OrderResult></ArrayOfOrderResult> 
 
==> [INFO] | 2018-10-24 11:43:34 | Not have Orders to post:<OrderPost /> 
 
==> [INFO] | 2018-10-24 11:43:34 | End while! 
 
==> [INFO] | 2018-10-24 11:49:42 | ===============Start Sync Orders! ==================== 
 
==> [INFO] | 2018-10-24 11:49:45 | API:http://192.168.0.92:9000//token 
 
==> [INFO] | 2018-10-24 11:49:50 | Mã token:bearer oAxPYRsQdovnX5bb5HZHbCMW9nM5aVC1mI_gysU2HfSrDl4osozV2Mt207oj7osX2NKi74BzixipGKaWiV12rqEhwaT07gUjIbnE2kHlQWCCfMp7e8fysZ7rrrUVADBZNOrtoehTDG2eFDPvEoEVVxsL-h7jYy_98Ny88Xyp68VOOYddZHz-PTfYfireYlCb2wm_prEpjALuWREP0pAVDBaisk7mQ-YB61jI7Ies5tBrONqNso5amqfmWk5BVPQhsUHjtauwXED5ADHq0z0vGNpb5e8TAwRd3yCWDIdp3hXkyft3KQnjqFUQQ4v2DLxE-Vzi8HrYkBbO_f1V-cdiPA 
 
==> [INFO] | 2018-10-24 11:50:24 | Get order submit:<OrderPost><OrderShops><OrderShop><OrderResource>HH000000036</OrderResource><WarehouseCode>SHOP2</WarehouseCode><TotalPrice>400000.00</TotalPrice><TypeOrder>0</TypeOrder><OrderItems><OrderItem><Barcode>20821233251206</Barcode><ProductCode>N7H2791X8R54</ProductCode><Quantity>1</Quantity><Price>200000.00</Price><Discount>0.000000</Discount><PercentDiscount>0.00</PercentDiscount><TotalPrice>200000.000000</TotalPrice><Type>Sell</Type></OrderItem><OrderItem><Barcode>20821233251202</Barcode><ProductCode>6JT3M12FHWU8</ProductCode><Quantity>1</Quantity><Price>200000.00</Price><Discount>0.000000</Discount><PercentDiscount>0.00</PercentDiscount><TotalPrice>200000.000000</TotalPrice><Type>Sell</Type></OrderItem></OrderItems></OrderShop></OrderShops></OrderPost> 
 
==> [INFO] | 2018-10-24 11:50:31 | Data after convert xml -> json:{"OrderShops":[{"OrderResource":"HH000000036","Description":null,"WarehouseCode":"SHOP2","Note":null,"TotalPrice":400000.0,"TypeOrder":"0","OrderItems":[{"Barcode":"20821233251206","ProductCode":"N7H2791X8R54","Quantity":1,"Price":200000.0,"Type":"Sell","Discount":0.0,"PercentDiscount":0.0,"TotalPrice":200000.0},{"Barcode":"20821233251202","ProductCode":"6JT3M12FHWU8","Quantity":1,"Price":200000.0,"Type":"Sell","Discount":0.0,"PercentDiscount":0.0,"TotalPrice":200000.0}]}]} 
 
==> [INFO] | 2018-10-24 11:50:31 | API Order: http://192.168.0.92:9000//api/Orders/SubmitOrderShop 
 
==> [INFO] | 2018-10-24 11:50:33 | ResultMethod: POST, RequestUri: 'http://192.168.0.92:9000//api/Orders/SubmitOrderShop', Version: 1.1, Content: System.Net.Http.StringContent, Headers:
{
  Accept: application/json
  Authorization: bearer oAxPYRsQdovnX5bb5HZHbCMW9nM5aVC1mI_gysU2HfSrDl4osozV2Mt207oj7osX2NKi74BzixipGKaWiV12rqEhwaT07gUjIbnE2kHlQWCCfMp7e8fysZ7rrrUVADBZNOrtoehTDG2eFDPvEoEVVxsL-h7jYy_98Ny88Xyp68VOOYddZHz-PTfYfireYlCb2wm_prEpjALuWREP0pAVDBaisk7mQ-YB61jI7Ies5tBrONqNso5amqfmWk5BVPQhsUHjtauwXED5ADHq0z0vGNpb5e8TAwRd3yCWDIdp3hXkyft3KQnjqFUQQ4v2DLxE-Vzi8HrYkBbO_f1V-cdiPA
  Content-Type: application/json; charset=utf-8
  Content-Length: 478
} 
 
==> [INFO] | 2018-10-24 11:50:42 | Saved order response: <ArrayOfOrderResult  ><OrderResult><OrderResource>HH000000036</OrderResource><WarehouseCode>SHOP2</WarehouseCode><MessageCode>SUCCESS</MessageCode><Message>Order t?o thành công</Message></OrderResult></ArrayOfOrderResult> 
 
==> [INFO] | 2018-10-24 11:51:16 | Get order submit:<OrderPost><OrderShops><OrderShop><OrderResource>HH000000034</OrderResource><WarehouseCode>SHOP2</WarehouseCode><TotalPrice>720000.00</TotalPrice><TypeOrder>0</TypeOrder><OrderItems><OrderItem><Barcode>20821233251202</Barcode><ProductCode>6JT3M12FHWU8</ProductCode><Quantity>2</Quantity><Price>200000.00</Price><Discount>20000.000000</Discount><PercentDiscount>10.00</PercentDiscount><TotalPrice>360000.000000</TotalPrice><Type>Sell</Type></OrderItem><OrderItem><Barcode>20821233251203</Barcode><ProductCode>688615VBG3K9</ProductCode><Quantity>2</Quantity><Price>200000.00</Price><Discount>20000.000000</Discount><PercentDiscount>10.00</PercentDiscount><TotalPrice>360000.000000</TotalPrice><Type>Sell</Type></OrderItem></OrderItems></OrderShop></OrderShops></OrderPost> 
 
==> [INFO] | 2018-10-24 11:51:19 | Data after convert xml -> json:{"OrderShops":[{"OrderResource":"HH000000034","Description":null,"WarehouseCode":"SHOP2","Note":null,"TotalPrice":720000.0,"TypeOrder":"0","OrderItems":[{"Barcode":"20821233251202","ProductCode":"6JT3M12FHWU8","Quantity":2,"Price":200000.0,"Type":"Sell","Discount":20000.0,"PercentDiscount":10.0,"TotalPrice":360000.0},{"Barcode":"20821233251203","ProductCode":"688615VBG3K9","Quantity":2,"Price":200000.0,"Type":"Sell","Discount":20000.0,"PercentDiscount":10.0,"TotalPrice":360000.0}]}]} 
 
==> [INFO] | 2018-10-24 11:51:19 | API Order: http://192.168.0.92:9000//api/Orders/SubmitOrderShop 
 
==> [INFO] | 2018-10-24 11:51:21 | ResultMethod: POST, RequestUri: 'http://192.168.0.92:9000//api/Orders/SubmitOrderShop', Version: 1.1, Content: System.Net.Http.StringContent, Headers:
{
  Accept: application/json
  Authorization: bearer oAxPYRsQdovnX5bb5HZHbCMW9nM5aVC1mI_gysU2HfSrDl4osozV2Mt207oj7osX2NKi74BzixipGKaWiV12rqEhwaT07gUjIbnE2kHlQWCCfMp7e8fysZ7rrrUVADBZNOrtoehTDG2eFDPvEoEVVxsL-h7jYy_98Ny88Xyp68VOOYddZHz-PTfYfireYlCb2wm_prEpjALuWREP0pAVDBaisk7mQ-YB61jI7Ies5tBrONqNso5amqfmWk5BVPQhsUHjtauwXED5ADHq0z0vGNpb5e8TAwRd3yCWDIdp3hXkyft3KQnjqFUQQ4v2DLxE-Vzi8HrYkBbO_f1V-cdiPA
  Content-Type: application/json; charset=utf-8
  Content-Length: 488
} 
 
==> [INFO] | 2018-10-24 11:51:27 | Saved order response: <ArrayOfOrderResult  ><OrderResult><OrderResource>HH000000034</OrderResource><WarehouseCode>SHOP2</WarehouseCode><MessageCode>SUCCESS</MessageCode><Message>Order t?o thành công</Message></OrderResult></ArrayOfOrderResult> 
 
==> [INFO] | 2018-10-24 11:51:51 | Get order submit:<OrderPost><OrderShops><OrderShop><OrderResource>HH000000032</OrderResource><WarehouseCode>SHOP2</WarehouseCode><TotalPrice>600000.00</TotalPrice><TypeOrder>0</TypeOrder><OrderItems><OrderItem><Barcode>20821233251205</Barcode><ProductCode>I9935S8R3HZ2</ProductCode><Quantity>1</Quantity><Price>200000.00</Price><Discount>0.000000</Discount><PercentDiscount>0.00</PercentDiscount><TotalPrice>200000.000000</TotalPrice><Type>Sell</Type></OrderItem><OrderItem><Barcode>20821233251202</Barcode><ProductCode>6JT3M12FHWU8</ProductCode><Quantity>2</Quantity><Price>200000.00</Price><Discount>0.000000</Discount><PercentDiscount>0.00</PercentDiscount><TotalPrice>400000.000000</TotalPrice><Type>Sell</Type></OrderItem></OrderItems></OrderShop></OrderShops></OrderPost> 
 
==> [INFO] | 2018-10-24 11:51:53 | Data after convert xml -> json:{"OrderShops":[{"OrderResource":"HH000000032","Description":null,"WarehouseCode":"SHOP2","Note":null,"TotalPrice":600000.0,"TypeOrder":"0","OrderItems":[{"Barcode":"20821233251205","ProductCode":"I9935S8R3HZ2","Quantity":1,"Price":200000.0,"Type":"Sell","Discount":0.0,"PercentDiscount":0.0,"TotalPrice":200000.0},{"Barcode":"20821233251202","ProductCode":"6JT3M12FHWU8","Quantity":2,"Price":200000.0,"Type":"Sell","Discount":0.0,"PercentDiscount":0.0,"TotalPrice":400000.0}]}]} 
 
==> [INFO] | 2018-10-24 11:51:53 | API Order: http://192.168.0.92:9000//api/Orders/SubmitOrderShop 
 
==> [INFO] | 2018-10-24 11:51:54 | ResultMethod: POST, RequestUri: 'http://192.168.0.92:9000//api/Orders/SubmitOrderShop', Version: 1.1, Content: System.Net.Http.StringContent, Headers:
{
  Accept: application/json
  Authorization: bearer oAxPYRsQdovnX5bb5HZHbCMW9nM5aVC1mI_gysU2HfSrDl4osozV2Mt207oj7osX2NKi74BzixipGKaWiV12rqEhwaT07gUjIbnE2kHlQWCCfMp7e8fysZ7rrrUVADBZNOrtoehTDG2eFDPvEoEVVxsL-h7jYy_98Ny88Xyp68VOOYddZHz-PTfYfireYlCb2wm_prEpjALuWREP0pAVDBaisk7mQ-YB61jI7Ies5tBrONqNso5amqfmWk5BVPQhsUHjtauwXED5ADHq0z0vGNpb5e8TAwRd3yCWDIdp3hXkyft3KQnjqFUQQ4v2DLxE-Vzi8HrYkBbO_f1V-cdiPA
  Content-Type: application/json; charset=utf-8
  Content-Length: 478
} 
 
==> [INFO] | 2018-10-24 11:51:58 | Saved order response: <ArrayOfOrderResult  ><OrderResult><OrderResource>HH000000032</OrderResource><WarehouseCode>SHOP2</WarehouseCode><MessageCode>SUCCESS</MessageCode><Message>Order t?o thành công</Message></OrderResult></ArrayOfOrderResult> 
 
==> [INFO] | 2018-10-24 11:52:08 | Get order submit:<OrderPost /> 
 
==> [INFO] | 2018-10-24 11:52:10 | Data after convert xml -> json:{"OrderShops":[]} 
 
==> [INFO] | 2018-10-24 11:52:10 | API Order: http://192.168.0.92:9000//api/Orders/SubmitOrderShop 
 
==> [INFO] | 2018-10-24 11:52:11 | ResultMethod: POST, RequestUri: 'http://192.168.0.92:9000//api/Orders/SubmitOrderShop', Version: 1.1, Content: System.Net.Http.StringContent, Headers:
{
  Accept: application/json
  Authorization: bearer oAxPYRsQdovnX5bb5HZHbCMW9nM5aVC1mI_gysU2HfSrDl4osozV2Mt207oj7osX2NKi74BzixipGKaWiV12rqEhwaT07gUjIbnE2kHlQWCCfMp7e8fysZ7rrrUVADBZNOrtoehTDG2eFDPvEoEVVxsL-h7jYy_98Ny88Xyp68VOOYddZHz-PTfYfireYlCb2wm_prEpjALuWREP0pAVDBaisk7mQ-YB61jI7Ies5tBrONqNso5amqfmWk5BVPQhsUHjtauwXED5ADHq0z0vGNpb5e8TAwRd3yCWDIdp3hXkyft3KQnjqFUQQ4v2DLxE-Vzi8HrYkBbO_f1V-cdiPA
  Content-Type: application/json; charset=utf-8
  Content-Length: 17
} 
 
==> [INFO] | 2018-10-24 11:52:14 | Saved order response: <ArrayOfOrderResult   /> 
 
==> [INFO] | 2018-10-24 11:52:25 | End while! 
 
==> [INFO] | 2018-10-24 11:53:02 | ===============Start Sync Orders! ==================== 
 
==> [INFO] | 2018-10-24 11:53:02 | API:http://192.168.0.92:9000//token 
 
==> [INFO] | 2018-10-24 11:53:02 | Mã token:bearer Nv5j0UpsuTmZbljh-i-JVRV9bNVo14gTYpg0WVT6BMeMkHfKMUBDIaQaEm9kWCSYMDk7HSc-MUXabI4T87O4S5UuTja_SF0set7ssSUAX9bw-x33tu-vblWQaHX1CHuwJcqXeGIcDvck4nx3Aj0gz-koCkg0iVP4WfzLuaJn2IUdJLJ-4JpUEk4JzCKTs4j8umQfB8s-ivtyCr9kagf09KydZzCRuy2J3mx4swxygIjt3ypEK4wjygzT5gg93g2SdowMXb5H44iYNJOr7O_JLdiynUS2ulGdFgTo2EflXdmmQWMKkbGWmNk2ATTCozRrU6w4mg4f6laKl4iVNyQ2Uw 
 
==> [INFO] | 2018-10-24 11:53:02 | Get order submit:<OrderPost><OrderShops><OrderShop><OrderResource>HH000000035</OrderResource><WarehouseCode>SHOP2</WarehouseCode><TotalPrice>200000.00</TotalPrice><TypeOrder>0</TypeOrder><OrderItems><OrderItem><Barcode>20821233251205</Barcode><ProductCode>I9935S8R3HZ2</ProductCode><Quantity>1</Quantity><Price>200000.00</Price><Discount>0.000000</Discount><PercentDiscount>0.00</PercentDiscount><TotalPrice>200000.000000</TotalPrice><Type>Sell</Type></OrderItem></OrderItems></OrderShop></OrderShops></OrderPost> 
 
==> [INFO] | 2018-10-24 11:53:02 | Data after convert xml -> json:{"OrderShops":[{"OrderResource":"HH000000035","Description":null,"WarehouseCode":"SHOP2","Note":null,"TotalPrice":200000.0,"TypeOrder":"0","OrderItems":[{"Barcode":"20821233251205","ProductCode":"I9935S8R3HZ2","Quantity":1,"Price":200000.0,"Type":"Sell","Discount":0.0,"PercentDiscount":0.0,"TotalPrice":200000.0}]}]} 
 
==> [INFO] | 2018-10-24 11:53:02 | API Order: http://192.168.0.92:9000//api/Orders/SubmitOrderShop 
 
==> [INFO] | 2018-10-24 11:53:02 | ResultMethod: POST, RequestUri: 'http://192.168.0.92:9000//api/Orders/SubmitOrderShop', Version: 1.1, Content: System.Net.Http.StringContent, Headers:
{
  Accept: application/json
  Authorization: bearer Nv5j0UpsuTmZbljh-i-JVRV9bNVo14gTYpg0WVT6BMeMkHfKMUBDIaQaEm9kWCSYMDk7HSc-MUXabI4T87O4S5UuTja_SF0set7ssSUAX9bw-x33tu-vblWQaHX1CHuwJcqXeGIcDvck4nx3Aj0gz-koCkg0iVP4WfzLuaJn2IUdJLJ-4JpUEk4JzCKTs4j8umQfB8s-ivtyCr9kagf09KydZzCRuy2J3mx4swxygIjt3ypEK4wjygzT5gg93g2SdowMXb5H44iYNJOr7O_JLdiynUS2ulGdFgTo2EflXdmmQWMKkbGWmNk2ATTCozRrU6w4mg4f6laKl4iVNyQ2Uw
  Content-Type: application/json; charset=utf-8
  Content-Length: 317
} 
 
==> [INFO] | 2018-10-24 11:53:02 | Saved order response: <ArrayOfOrderResult  ><OrderResult><OrderResource>HH000000035</OrderResource><WarehouseCode>SHOP2</WarehouseCode><MessageCode>SUCCESS</MessageCode><Message>Order t?o thành công</Message></OrderResult></ArrayOfOrderResult> 
 
==> [INFO] | 2018-10-24 11:53:02 | Get order submit:<OrderPost /> 
 
==> [INFO] | 2018-10-24 11:53:02 | Data after convert xml -> json:{"OrderShops":[]} 
 
==> [INFO] | 2018-10-24 11:53:02 | API Order: http://192.168.0.92:9000//api/Orders/SubmitOrderShop 
 
==> [INFO] | 2018-10-24 11:53:02 | ResultMethod: POST, RequestUri: 'http://192.168.0.92:9000//api/Orders/SubmitOrderShop', Version: 1.1, Content: System.Net.Http.StringContent, Headers:
{
  Accept: application/json
  Authorization: bearer Nv5j0UpsuTmZbljh-i-JVRV9bNVo14gTYpg0WVT6BMeMkHfKMUBDIaQaEm9kWCSYMDk7HSc-MUXabI4T87O4S5UuTja_SF0set7ssSUAX9bw-x33tu-vblWQaHX1CHuwJcqXeGIcDvck4nx3Aj0gz-koCkg0iVP4WfzLuaJn2IUdJLJ-4JpUEk4JzCKTs4j8umQfB8s-ivtyCr9kagf09KydZzCRuy2J3mx4swxygIjt3ypEK4wjygzT5gg93g2SdowMXb5H44iYNJOr7O_JLdiynUS2ulGdFgTo2EflXdmmQWMKkbGWmNk2ATTCozRrU6w4mg4f6laKl4iVNyQ2Uw
  Content-Type: application/json; charset=utf-8
  Content-Length: 17
} 
 
==> [INFO] | 2018-10-24 11:53:02 | Saved order response: <ArrayOfOrderResult   /> 
 
==> [INFO] | 2018-10-24 11:53:02 | End while! 
 
==> [INFO] | 2018-10-24 11:53:13 | ===============Start Sync Orders! ==================== 
 
==> [INFO] | 2018-10-24 11:53:13 | API:http://192.168.0.92:9000//token 
 
==> [INFO] | 2018-10-24 11:53:13 | Mã token:bearer VEr-cea17GX50wDXx2lcgtt7aZF2DEHAUwqnzC8-2aVMfK6GHBRXFrC1DFxl6UDOKKZu-CeJ_YzBe4iCgMMtuZKR8yYTC6ehxnMo0jqMSVujWMQDLk0U2M-Cs71HJJawe9JksWuHbAxD-DXsn7BQORObNR4TFdvdl20iEyKS8NXXuhOnKwsn-ktybt3gI3myvaKm3NMsAFfBgiNYYlW6c5Kfi3txq_4DR9bosPm30KCVoYTzM8W3nGYW1rWYwPTRx6OPpt9bwKXhOdiFgOSax1Q_koUQ6N5yww93cyaI4gO_HDBBrmnuCnAbyKEt_WU_4XavJQYourGhLdco0nOkZw 
 
==> [INFO] | 2018-10-24 11:53:13 | Get order submit:<OrderPost><OrderShops><OrderShop><OrderResource>HH000000033</OrderResource><WarehouseCode>SHOP2</WarehouseCode><TotalPrice>380000.00</TotalPrice><TypeOrder>0</TypeOrder><OrderItems><OrderItem><Barcode>20821233251202</Barcode><ProductCode>6JT3M12FHWU8</ProductCode><Quantity>1</Quantity><Price>200000.00</Price><Discount>0.000000</Discount><PercentDiscount>0.00</PercentDiscount><TotalPrice>200000.000000</TotalPrice><Type>Sell</Type></OrderItem><OrderItem><Barcode>20821233251201</Barcode><ProductCode>033H28U76815</ProductCode><Quantity>1</Quantity><Price>200000.00</Price><Discount>20000.000000</Discount><PercentDiscount>10.00</PercentDiscount><TotalPrice>180000.000000</TotalPrice><Type>Sell</Type></OrderItem><OrderItem><Barcode>20821233251203</Barcode><ProductCode>688615VBG3K9</ProductCode><Quantity>1</Quantity><Price>0.00</Price><Discount>0.000000</Discount><PercentDiscount>0.00</PercentDiscount><TotalPrice>0.000000</TotalPrice><Type>Promotion</Type></OrderItem></OrderItems></OrderShop></OrderShops></OrderPost> 
 
==> [INFO] | 2018-10-24 11:53:13 | Data after convert xml -> json:{"OrderShops":[{"OrderResource":"HH000000033","Description":null,"WarehouseCode":"SHOP2","Note":null,"TotalPrice":380000.0,"TypeOrder":"0","OrderItems":[{"Barcode":"20821233251202","ProductCode":"6JT3M12FHWU8","Quantity":1,"Price":200000.0,"Type":"Sell","Discount":0.0,"PercentDiscount":0.0,"TotalPrice":200000.0},{"Barcode":"20821233251201","ProductCode":"033H28U76815","Quantity":1,"Price":200000.0,"Type":"Sell","Discount":20000.0,"PercentDiscount":10.0,"TotalPrice":180000.0},{"Barcode":"20821233251203","ProductCode":"688615VBG3K9","Quantity":1,"Price":0.0,"Type":"Promotion","Discount":0.0,"PercentDiscount":0.0,"TotalPrice":0.0}]}]} 
 
==> [INFO] | 2018-10-24 11:53:13 | API Order: http://192.168.0.92:9000//api/Orders/SubmitOrderShop 
 
==> [INFO] | 2018-10-24 11:53:13 | ResultMethod: POST, RequestUri: 'http://192.168.0.92:9000//api/Orders/SubmitOrderShop', Version: 1.1, Content: System.Net.Http.StringContent, Headers:
{
  Accept: application/json
  Authorization: bearer VEr-cea17GX50wDXx2lcgtt7aZF2DEHAUwqnzC8-2aVMfK6GHBRXFrC1DFxl6UDOKKZu-CeJ_YzBe4iCgMMtuZKR8yYTC6ehxnMo0jqMSVujWMQDLk0U2M-Cs71HJJawe9JksWuHbAxD-DXsn7BQORObNR4TFdvdl20iEyKS8NXXuhOnKwsn-ktybt3gI3myvaKm3NMsAFfBgiNYYlW6c5Kfi3txq_4DR9bosPm30KCVoYTzM8W3nGYW1rWYwPTRx6OPpt9bwKXhOdiFgOSax1Q_koUQ6N5yww93cyaI4gO_HDBBrmnuCnAbyKEt_WU_4XavJQYourGhLdco0nOkZw
  Content-Type: application/json; charset=utf-8
  Content-Length: 639
} 
 
==> [INFO] | 2018-10-24 11:53:13 | Saved order response: <ArrayOfOrderResult  ><OrderResult><OrderResource>HH000000033</OrderResource><WarehouseCode>SHOP2</WarehouseCode><MessageCode>SUCCESS</MessageCode><Message>Order t?o thành công</Message></OrderResult></ArrayOfOrderResult> 
 
==> [INFO] | 2018-10-24 11:53:14 | Not have Orders to post:<OrderPost /> 
 
==> [INFO] | 2018-10-24 11:53:14 | End while! 
 
==> [INFO] | 2018-10-24 12:01:20 | ===============Start Sync Orders! ==================== 
 
==> [INFO] | 2018-10-24 12:01:23 | API:http://192.168.0.92:9000//token 
 
==> [INFO] | 2018-10-24 12:01:25 | Mã token:bearer SrweUzdSw0LT0aSqgfaHvLIktG5aRDTqQa7z4sLmYKm2euPjZLaRwVrCLLzFy5ef9g9yZD4otiysCTO28w6fEI1kzmWXgC2O8mzHDyK_XfvGxHeV2cN8Ii9r4xbDqRqLy-3W0cagagAgpm0dE60SO1VLfKuQBLnbfO7rd7hy6VD3j79lbIUB6sZw4SBEgN1rac_XdcNL2pSvgiD5t-1vDkxSradkBNsjtyRTB9-H0gfeCmZ9kYRwy7tA5UHSfkIx-YApFuYTs06YvoSXN14NLEcZttfKnijhu-38L1enMAJbEaRK1YKb9heU70DW6beftkq3DPC0lS3iM1RYNzrPAA 
 
==> [INFO] | 2018-10-24 12:01:41 | Not have Orders to post:<OrderPost /> 
 
==> [INFO] | 2018-10-24 12:01:41 | End while! 
 
